#
# There is insufficient memory for the Java Runtime Environment to continue.
# Native memory allocation (mmap) failed to map 132120576 bytes for G1 virtual space
# Possible reasons:
#   The system is out of physical RAM or swap space
#   The process is running with CompressedOops enabled, and the Java Heap may be blocking the growth of the native heap
# Possible solutions:
#   Reduce memory load on the system
#   Increase physical memory or swap space
#   Check if swap backing store is full
#   Decrease Java heap size (-Xmx/-Xms)
#   Decrease number of Java threads
#   Decrease Java thread stack sizes (-Xss)
#   Set larger code cache with -XX:ReservedCodeCacheSize=
#   JVM is running with Unscaled Compressed Oops mode in which the Java heap is
#     placed in the first 4GB address space. The Java Heap base address is the
#     maximum limit for the native heap growth. Please use -XX:HeapBaseMinAddress
#     to set the Java Heap base and to place the Java Heap above 4GB virtual address.
# This output file may be truncated or incomplete.
#
#  Out of Memory Error (os_windows.cpp:3535), pid=16964, tid=22052
#
# JRE version:  (17.0.4+11) (build )
# Java VM: Java HotSpot(TM) 64-Bit Server VM (17.0.4+11-LTS-179, mixed mode, sharing, tiered, compressed oops, compressed class ptrs, g1 gc, windows-amd64)
# No core dump will be written. Minidumps are not enabled by default on client versions of Windows
#

---------------  S U M M A R Y ------------

Command Line: -Dclassworlds.conf=D:\IDE\NetBeans-15\netbeans\java\maven\bin\m2.conf -Dmaven.home=D:\IDE\NetBeans-15\netbeans\java\maven -Dlibrary.jansi.path=D:\IDE\NetBeans-15\netbeans\java\maven\lib\jansi-native -Dmaven.multiModuleProjectDirectory=D:\PhanMemQuanLyBanQuanAo-Group-4-IT17327-PRO1041\PhanMemQuanLyBanQuanAo org.codehaus.plexus.classworlds.launcher.Launcher -Dexec.vmArgs= -Dexec.args=${exec.vmArgs} -classpath %classpath ${exec.mainClass} ${exec.appArgs} -Dexec.executable=C:\Program Files\Java\jdk-17.0.4\bin\java.exe -Dexec.mainClass=com.Views.TrangChu -Dexec.classpathScope=runtime -Dexec.appArgs= -Dmaven.ext.class.path=D:\IDE\NetBeans-15\netbeans\java\maven-nblib\netbeans-eventspy.jar -Dfile.encoding=UTF-8 org.codehaus.mojo:exec-maven-plugin:3.0.0:exec

Host: Intel(R) Core(TM) i3-7100U CPU @ 2.40GHz, 4 cores, 7G,  Windows 11 , 64 bit Build 25236 (10.0.25236.1000)
Time: Sun Nov 27 06:15:30 2022 SE Asia Standard Time elapsed time: 0.021242 seconds (0d 0h 0m 0s)

---------------  T H R E A D  ---------------

Current thread (0x000002d73b641a40):  JavaThread "Unknown thread" [_thread_in_vm, id=22052, stack(0x000000fa54c00000,0x000000fa54d00000)]

Stack: [0x000000fa54c00000,0x000000fa54d00000]
Native frames: (J=compiled Java code, j=interpreted, Vv=VM code, C=native code)
V  [jvm.dll+0x6723da]
V  [jvm.dll+0x7d1f74]
V  [jvm.dll+0x7d371e]
V  [jvm.dll+0x7d3d83]
V  [jvm.dll+0x242ed5]
V  [jvm.dll+0x66f2f9]
V  [jvm.dll+0x663c42]
V  [jvm.dll+0x30103b]
V  [jvm.dll+0x3085d6]
V  [jvm.dll+0x35844e]
V  [jvm.dll+0x35867f]
V  [jvm.dll+0x2d8258]
V  [jvm.dll+0x2d91c4]
V  [jvm.dll+0x7a3a51]
V  [jvm.dll+0x3662a1]
V  [jvm.dll+0x782dcc]
V  [jvm.dll+0x3e8bff]
V  [jvm.dll+0x3ea6a1]
C  [jli.dll+0x527b]
C  [ucrtbase.dll+0x247cb]
C  [KERNEL32.DLL+0x1335d]
C  [ntdll.dll+0x67f38]


---------------  P R O C E S S  ---------------

Threads class SMR info:
_java_thread_list=0x00007ffc9801a858, length=0, elements={
}

Java Threads: ( => current thread )

Other Threads:
  0x000002d73b6997f0 GCTaskThread "GC Thread#0" [stack: 0x000000fa54d00000,0x000000fa54e00000] [id=15428]
  0x000002d73b6ab3b0 ConcurrentGCThread "G1 Main Marker" [stack: 0x000000fa54e00000,0x000000fa54f00000] [id=19824]
  0x000002d73b6ad5e0 ConcurrentGCThread "G1 Conc#0" [stack: 0x000000fa54f00000,0x000000fa55000000] [id=15336]

[error occurred during error reporting (printing all threads), id 0xc0000005, EXCEPTION_ACCESS_VIOLATION (0xc0000005) at pc=0x00007ffc97868c47]

VM state: not at safepoint (not fully initialized)

VM Mutex/Monitor currently owned by a thread:  ([mutex/lock_event])
[0x000002d73b63b400] Heap_lock - owner thread: 0x000002d73b641a40

Heap address: 0x0000000082000000, size: 2016 MB, Compressed Oops mode: 32-bit

CDS archive(s) mapped at: [0x0000000000000000-0x0000000000000000-0x0000000000000000), size 0, SharedBaseAddress: 0x0000000800000000, ArchiveRelocationMode: 0.
Narrow klass base: 0x0000000000000000, Narrow klass shift: 0, Narrow klass range: 0x0

GC Precious Log:
<Empty>

Heap:
 garbage-first heap   total 0K, used 0K [0x0000000082000000, 0x0000000100000000)
  region size 1024K, 0 young (0K), 0 survivors (0K)

[error occurred during error reporting (printing heap information), id 0xc0000005, EXCEPTION_ACCESS_VIOLATION (0xc0000005) at pc=0x00007ffc97c4b889]

GC Heap History (0 events):
No events

Deoptimization events (0 events):
No events

Classes unloaded (0 events):
No events

Classes redefined (0 events):
No events

Internal exceptions (0 events):
No events

VM Operations (0 events):
No events

Events (1 events):
Event: 0.015 Loaded shared library C:\Program Files\Java\jdk-17.0.4\bin\java.dll


Dynamic libraries:
0x00007ff69b3d0000 - 0x00007ff69b3e0000 	C:\Program Files\Java\jdk-17.0.4\bin\java.exe
0x00007ffceead0000 - 0x00007ffceecea000 	C:\WINDOWS\SYSTEM32\ntdll.dll
0x00007ffceda90000 - 0x00007ffcedb53000 	C:\WINDOWS\System32\KERNEL32.DLL
0x00007ffcec4f0000 - 0x00007ffcec88c000 	C:\WINDOWS\System32\KERNELBASE.dll
0x00007ffce8790000 - 0x00007ffce8826000 	C:\WINDOWS\SYSTEM32\apphelp.dll
0x00007ffcec160000 - 0x00007ffcec27b000 	C:\WINDOWS\System32\ucrtbase.dll
0x00007ffcd8ef0000 - 0x00007ffcd8f0a000 	C:\Program Files\Java\jdk-17.0.4\bin\VCRUNTIME140.dll
0x00007ffcd92c0000 - 0x00007ffcd92d8000 	C:\Program Files\Java\jdk-17.0.4\bin\jli.dll
0x00007ffcee5b0000 - 0x00007ffcee65e000 	C:\WINDOWS\System32\ADVAPI32.dll
0x00007ffced1f0000 - 0x00007ffced297000 	C:\WINDOWS\System32\msvcrt.dll
0x00007ffcee9e0000 - 0x00007ffceea86000 	C:\WINDOWS\System32\sechost.dll
0x00007ffced2a0000 - 0x00007ffced3c7000 	C:\WINDOWS\System32\RPCRT4.dll
0x00007ffced480000 - 0x00007ffced62a000 	C:\WINDOWS\System32\USER32.dll
0x00007ffcec130000 - 0x00007ffcec156000 	C:\WINDOWS\System32\win32u.dll
0x00007ffcee950000 - 0x00007ffcee979000 	C:\WINDOWS\System32\GDI32.dll
0x00007ffcd7b10000 - 0x00007ffcd7da1000 	C:\WINDOWS\WinSxS\amd64_microsoft.windows.common-controls_6595b64144ccf1df_6.0.25236.1000_none_7a88bdfad9396379\COMCTL32.dll
0x00007ffcec010000 - 0x00007ffcec126000 	C:\WINDOWS\System32\gdi32full.dll
0x00007ffcebf70000 - 0x00007ffcec00a000 	C:\WINDOWS\System32\msvcp_win.dll
0x00007ffce3b70000 - 0x00007ffce3b7a000 	C:\WINDOWS\SYSTEM32\VERSION.dll
0x00007ffcedc40000 - 0x00007ffcedc70000 	C:\WINDOWS\System32\IMM32.DLL
0x00007ffce5d30000 - 0x00007ffce5d3c000 	C:\Program Files\Java\jdk-17.0.4\bin\vcruntime140_1.dll
0x00007ffcd89d0000 - 0x00007ffcd8a5d000 	C:\Program Files\Java\jdk-17.0.4\bin\msvcp140.dll
0x00007ffc97580000 - 0x00007ffc98142000 	C:\Program Files\Java\jdk-17.0.4\bin\server\jvm.dll
0x00007ffced630000 - 0x00007ffced638000 	C:\WINDOWS\System32\PSAPI.DLL
0x00007ffcd49d0000 - 0x00007ffcd49d9000 	C:\WINDOWS\SYSTEM32\WSOCK32.dll
0x00007ffce4980000 - 0x00007ffce49b5000 	C:\WINDOWS\SYSTEM32\WINMM.dll
0x00007ffced9a0000 - 0x00007ffceda0f000 	C:\WINDOWS\System32\WS2_32.dll
0x00007ffceae50000 - 0x00007ffceae68000 	C:\WINDOWS\SYSTEM32\kernel.appcore.dll
0x00007ffcdab90000 - 0x00007ffcdab9a000 	C:\Program Files\Java\jdk-17.0.4\bin\jimage.dll
0x00007ffce9940000 - 0x00007ffce9b73000 	C:\WINDOWS\SYSTEM32\DBGHELP.DLL
0x00007ffcedd80000 - 0x00007ffcee102000 	C:\WINDOWS\System32\combase.dll
0x00007ffcedb60000 - 0x00007ffcedc38000 	C:\WINDOWS\System32\OLEAUT32.dll
0x00007ffcd3890000 - 0x00007ffcd38c2000 	C:\WINDOWS\SYSTEM32\dbgcore.DLL
0x00007ffcec280000 - 0x00007ffcec2f9000 	C:\WINDOWS\System32\bcryptPrimitives.dll
0x00007ffcd8ba0000 - 0x00007ffcd8bc5000 	C:\Program Files\Java\jdk-17.0.4\bin\java.dll

dbghelp: loaded successfully - version: 4.0.5 - missing functions: none
symbol engine: initialized successfully - sym options: 0x614 - pdb path: .;C:\Program Files\Java\jdk-17.0.4\bin;C:\WINDOWS\SYSTEM32;C:\WINDOWS\WinSxS\amd64_microsoft.windows.common-controls_6595b64144ccf1df_6.0.25236.1000_none_7a88bdfad9396379;C:\Program Files\Java\jdk-17.0.4\bin\server

VM Arguments:
jvm_args: -Dclassworlds.conf=D:\IDE\NetBeans-15\netbeans\java\maven\bin\m2.conf -Dmaven.home=D:\IDE\NetBeans-15\netbeans\java\maven -Dlibrary.jansi.path=D:\IDE\NetBeans-15\netbeans\java\maven\lib\jansi-native -Dmaven.multiModuleProjectDirectory=D:\PhanMemQuanLyBanQuanAo-Group-4-IT17327-PRO1041\PhanMemQuanLyBanQuanAo 
java_command: org.codehaus.plexus.classworlds.launcher.Launcher -Dexec.vmArgs= -Dexec.args=${exec.vmArgs} -classpath %classpath ${exec.mainClass} ${exec.appArgs} -Dexec.executable=C:\Program Files\Java\jdk-17.0.4\bin\java.exe -Dexec.mainClass=com.Views.TrangChu -Dexec.classpathScope=runtime -Dexec.appArgs= -Dmaven.ext.class.path=D:\IDE\NetBeans-15\netbeans\java\maven-nblib\netbeans-eventspy.jar -Dfile.encoding=UTF-8 org.codehaus.mojo:exec-maven-plugin:3.0.0:exec
java_class_path (initial): D:\IDE\NetBeans-15\netbeans\java\maven\boot\plexus-classworlds-2.6.0.jar
Launcher Type: SUN_STANDARD

[Global flags]
     intx CICompilerCount                          = 3                                         {product} {ergonomic}
     uint ConcGCThreads                            = 1                                         {product} {ergonomic}
     uint G1ConcRefinementThreads                  = 4                                         {product} {ergonomic}
   size_t G1HeapRegionSize                         = 1048576                                   {product} {ergonomic}
    uintx GCDrainStackTargetSize                   = 64                                        {product} {ergonomic}
   size_t InitialHeapSize                          = 132120576                                 {product} {ergonomic}
   size_t MarkStackSize                            = 4194304                                   {product} {ergonomic}
   size_t MaxHeapSize                              = 2113929216                                {product} {ergonomic}
   size_t MinHeapDeltaBytes                        = 1048576                                   {product} {ergonomic}
   size_t MinHeapSize                              = 8388608                                   {product} {ergonomic}
    uintx NonNMethodCodeHeapSize                   = 5832780                                {pd product} {ergonomic}
    uintx NonProfiledCodeHeapSize                  = 122912730                              {pd product} {ergonomic}
    uintx ProfiledCodeHeapSize                     = 122912730                              {pd product} {ergonomic}
    uintx ReservedCodeCacheSize                    = 251658240                              {pd product} {ergonomic}
     bool SegmentedCodeCache                       = true                                      {product} {ergonomic}
   size_t SoftMaxHeapSize                          = 2113929216                             {manageable} {ergonomic}
     bool UseCompressedClassPointers               = true                           {product lp64_product} {ergonomic}
     bool UseCompressedOops                        = true                           {product lp64_product} {ergonomic}
     bool UseG1GC                                  = true                                      {product} {ergonomic}
     bool UseLargePagesIndividualAllocation        = false                                  {pd product} {ergonomic}

Logging:
Log output configuration:
 #0: stdout all=warning uptime,level,tags
 #1: stderr all=off uptime,level,tags

Environment Variables:
JAVA_HOME=C:\Program Files\Java\jdk-17.0.4
PATH=C:\Program Files\Common Files\Oracle\Java\javapath;C:\WINDOWS\system32;C:\WINDOWS;C:\WINDOWS\System32\Wbem;C:\WINDOWS\System32\WindowsPowerShell\v1.0\;C:\WINDOWS\System32\OpenSSH\;"C:\Program Files\Java\jdk-18.0.1.1\bin;,";C:\Program Files\Microsoft SQL Server\Client SDK\ODBC\170\Tools\Binn\;C:\Program Files (x86)\Microsoft SQL Server\150\Tools\Binn\;C:\Program Files\Microsoft SQL Server\150\Tools\Binn\;C:\Program Files\Microsoft SQL Server\150\DTS\Binn\;C:\Program Files (x86)\Microsoft SQL Server\150\DTS\Binn\;C:\Program Files\Azure Data Studio\bin;C:\Program Files\Git\cmd;C:\Program Files\MySQL\MySQL Shell 8.0\bin\;C:\Users\Nguyen Ngoc Ky\AppData\Local\Microsoft\WindowsApps;;C:\Users\Nguyen Ngoc Ky\AppData\Local\Programs\Microsoft VS Code\bin;C:\Program Files\Azure Data Studio\bin;D:\IntelliJ\IntelliJ IDEA Educational Edition 2022.1.3\bin;;D:\intelliJ\IntelliJ IDEA Community Edition 2022.2\bin;;D:\IDE\IntelliJ IDEA 2022.2.2\bin;;D:\IntelliJ\DataGrip 2022.2.2\bin;
USERNAME=Nguyen Ngoc Ky
OS=Windows_NT
PROCESSOR_IDENTIFIER=Intel64 Family 6 Model 142 Stepping 9, GenuineIntel



---------------  S Y S T E M  ---------------

OS:
 Windows 11 , 64 bit Build 25236 (10.0.25236.1000)
OS uptime: 6 days 11:43 hours

CPU: total 4 (initial active 4) (2 cores per cpu, 2 threads per core) family 6 model 142 stepping 9 microcode 0xde, cx8, cmov, fxsr, ht, mmx, 3dnowpref, sse, sse2, sse3, ssse3, sse4.1, sse4.2, popcnt, lzcnt, tsc, tscinvbit, avx, avx2, aes, erms, clmul, bmi1, bmi2, adx, fma, vzeroupper, clflush, clflushopt

Memory: 4k page, system-wide physical 8058M (578M free)
TotalPageFile size 15600M (AvailPageFile size 53M)
current process WorkingSet (physical memory assigned to process): 11M, peak: 11M
current process commit charge ("private bytes"): 52M, peak: 178M

vm_info: Java HotSpot(TM) 64-Bit Server VM (17.0.4+11-LTS-179) for windows-amd64 JRE (17.0.4+11-LTS-179), built on Jun 28 2022 08:23:05 by "mach5one" with MS VC++ 16.8 / 16.9 (VS2019)

END.
